<?xml version="1.0" encoding="UTF-8"?>
<robot generator="Robot 6.0.2 (Python 3.11.3 on darwin)" generated="20230527 18:20:08.433" rpa="false" schemaversion="3">
<suite id="s1" name="Checkbox" source="/Users/passonsujaritwattanakul/Documents/Testing/RobotFramework/RobotWebDriverUni/checkbox.robot">
<test id="s1-t1" name="Test checking checkbox on webdriveruniversity" line="13">
<kw name="Open Browser" library="SeleniumLibrary">
<arg>${base_url}</arg>
<arg>Chrome</arg>
<doc>Opens a new browser instance to the optional ``url``.</doc>
<msg timestamp="20230527 18:20:08.505" level="INFO">Opening browser 'Chrome' to base url 'http://www.webdriveruniversity.com'.</msg>
<status status="PASS" starttime="20230527 18:20:08.505" endtime="20230527 18:20:16.778"/>
</kw>
<kw name="Click Element" library="SeleniumLibrary">
<arg>css:#dropdown-checkboxes-radiobuttons</arg>
<doc>Click the element identified by ``locator``.</doc>
<msg timestamp="20230527 18:20:16.779" level="INFO">Clicking element 'css:#dropdown-checkboxes-radiobuttons'.</msg>
<status status="PASS" starttime="20230527 18:20:16.778" endtime="20230527 18:20:17.392"/>
</kw>
<kw name="Switch Window" library="SeleniumLibrary">
<arg>locator=NEW</arg>
<doc>Switches to browser window matching ``locator``.</doc>
<status status="PASS" starttime="20230527 18:20:17.392" endtime="20230527 18:20:17.465"/>
</kw>
<kw name="Get Location" library="SeleniumLibrary">
<var>${url}</var>
<doc>Returns the current browser window URL.</doc>
<msg timestamp="20230527 18:20:20.525" level="INFO">${url} = http://www.webdriveruniversity.com/Dropdown-Checkboxes-RadioButtons/index.html</msg>
<status status="PASS" starttime="20230527 18:20:17.466" endtime="20230527 18:20:20.525"/>
</kw>
<kw name="Log" library="BuiltIn">
<arg>${url}</arg>
<doc>Logs the given message with the given level.</doc>
<msg timestamp="20230527 18:20:20.525" level="INFO">http://www.webdriveruniversity.com/Dropdown-Checkboxes-RadioButtons/index.html</msg>
<status status="PASS" starttime="20230527 18:20:20.525" endtime="20230527 18:20:20.525"/>
</kw>
<kw name="Select Checkbox" library="SeleniumLibrary">
<arg>css:#checkboxes &gt; :nth-child(1) &gt; input</arg>
<doc>Selects the checkbox identified by ``locator``.</doc>
<msg timestamp="20230527 18:20:20.525" level="INFO">Selecting checkbox 'css:#checkboxes &gt; :nth-child(1) &gt; input'.</msg>
<status status="PASS" starttime="20230527 18:20:20.525" endtime="20230527 18:20:20.930"/>
</kw>
<kw name="Checkbox Should Be Selected" library="SeleniumLibrary">
<arg>css:#checkboxes &gt; :nth-child(1) &gt; input</arg>
<doc>Verifies checkbox ``locator`` is selected/checked.</doc>
<msg timestamp="20230527 18:20:20.931" level="INFO">Verifying checkbox 'css:#checkboxes &gt; :nth-child(1) &gt; input' is selected.</msg>
<status status="PASS" starttime="20230527 18:20:20.931" endtime="20230527 18:20:21.062"/>
</kw>
<status status="PASS" starttime="20230527 18:20:08.504" endtime="20230527 18:20:21.062"/>
</test>
<status status="PASS" starttime="20230527 18:20:08.434" endtime="20230527 18:20:21.063"/>
</suite>
<statistics>
<total>
<stat pass="1" fail="0" skip="0">All Tests</stat>
</total>
<tag>
</tag>
<suite>
<stat pass="1" fail="0" skip="0" id="s1" name="Checkbox">Checkbox</stat>
</suite>
</statistics>
<errors>
</errors>
</robot>
