<?xml version="1.0" encoding="UTF-8"?>
<robot generator="Robot 6.0.2 (Python 3.11.3 on darwin)" generated="20230527 15:16:45.519" rpa="false" schemaversion="3">
<suite id="s1" name="Contact-Us" source="/Users/passonsujaritwattanakul/Documents/Testing/RobotFramework/RobotAutomationTestStore/contact-us.robot">
<test id="s1-t1" name="Verify Availability of The Site" line="11">
<kw name="Start Test Case" type="SETUP">
<arg>${automationTestStore_url}</arg>
<kw name="Open Browser" library="SeleniumLibrary">
<arg>${url}</arg>
<arg>Chrome</arg>
<doc>Opens a new browser instance to the optional ``url``.</doc>
<msg timestamp="20230527 15:16:45.594" level="INFO">Opening browser 'Chrome' to base url 'https://www.automationteststore.com/'.</msg>
<status status="PASS" starttime="20230527 15:16:45.593" endtime="20230527 15:16:59.956"/>
</kw>
<status status="PASS" starttime="20230527 15:16:45.593" endtime="20230527 15:16:59.956"/>
</kw>
<kw name="Page Should Contain" library="SeleniumLibrary">
<arg>Automation Test Store</arg>
<doc>Verifies that current page contains ``text``.</doc>
<msg timestamp="20230527 15:17:00.253" level="INFO">Current page contains text 'Automation Test Store'.</msg>
<status status="PASS" starttime="20230527 15:16:59.956" endtime="20230527 15:17:00.253"/>
</kw>
<kw name="End Test Case" type="TEARDOWN">
<kw name="Close All Browsers" library="SeleniumLibrary">
<doc>Closes all open browsers and resets the browser cache.</doc>
<status status="PASS" starttime="20230527 15:17:00.253" endtime="20230527 15:17:00.333"/>
</kw>
<status status="PASS" starttime="20230527 15:17:00.253" endtime="20230527 15:17:00.333"/>
</kw>
<status status="PASS" starttime="20230527 15:16:45.593" endtime="20230527 15:17:00.333"/>
</test>
<test id="s1-t2" name="Clicking To ContactUs Page" line="13">
<kw name="Start Test Case" type="SETUP">
<arg>${automationTestStore_url}</arg>
<kw name="Open Browser" library="SeleniumLibrary">
<arg>${url}</arg>
<arg>Chrome</arg>
<doc>Opens a new browser instance to the optional ``url``.</doc>
<msg timestamp="20230527 15:17:00.334" level="INFO">Opening browser 'Chrome' to base url 'https://www.automationteststore.com/'.</msg>
<status status="PASS" starttime="20230527 15:17:00.333" endtime="20230527 15:17:11.728"/>
</kw>
<status status="PASS" starttime="20230527 15:17:00.333" endtime="20230527 15:17:11.728"/>
</kw>
<kw name="Click Element" library="SeleniumLibrary">
<arg>xpath://a[text()='Contact Us']</arg>
<doc>Click the element identified by ``locator``.</doc>
<msg timestamp="20230527 15:17:11.728" level="INFO">Clicking element 'xpath://a[text()='Contact Us']'.</msg>
<status status="PASS" starttime="20230527 15:17:11.728" endtime="20230527 15:17:13.739"/>
</kw>
<kw name="End Test Case" type="TEARDOWN">
<kw name="Close All Browsers" library="SeleniumLibrary">
<doc>Closes all open browsers and resets the browser cache.</doc>
<status status="PASS" starttime="20230527 15:17:13.740" endtime="20230527 15:17:13.820"/>
</kw>
<status status="PASS" starttime="20230527 15:17:13.739" endtime="20230527 15:17:13.820"/>
</kw>
<status status="PASS" starttime="20230527 15:17:00.333" endtime="20230527 15:17:13.820"/>
</test>
<status status="PASS" starttime="20230527 15:16:45.519" endtime="20230527 15:17:13.821"/>
</suite>
<statistics>
<total>
<stat pass="2" fail="0" skip="0">All Tests</stat>
</total>
<tag>
</tag>
<suite>
<stat pass="2" fail="0" skip="0" id="s1" name="Contact-Us">Contact-Us</stat>
</suite>
</statistics>
<errors>
</errors>
</robot>
