<?xml version="1.0" encoding="UTF-8"?>
<robot generator="Robot 6.0.2 (Python 3.11.3 on darwin)" generated="20230526 23:44:19.845" rpa="false" schemaversion="3">
<suite id="s1" name="Ebay" source="/Users/passonsujaritwattanakul/Documents/Testing/RobotFramework/RobotEbay/ebay.robot">
<test id="s1-t1" name="Verify basic search functionality for ebay" line="18">
<kw name="Start Test Case" type="SETUP">
<kw name="Open Browser" library="SeleniumLibrary">
<arg>${ebay_homepage}</arg>
<arg>Chrome</arg>
<doc>Opens a new browser instance to the optional ``url``.</doc>
<msg timestamp="20230526 23:44:19.964" level="INFO">Opening browser 'Chrome' to base url 'https://www.ebay.com'.</msg>
<status status="PASS" starttime="20230526 23:44:19.964" endtime="20230526 23:44:40.579"/>
</kw>
<kw name="Maximize Browser Window" library="SeleniumLibrary">
<doc>Maximizes current browser window.</doc>
<status status="PASS" starttime="20230526 23:44:40.580" endtime="20230526 23:44:41.612"/>
</kw>
<status status="PASS" starttime="20230526 23:44:19.963" endtime="20230526 23:44:41.613"/>
</kw>
<kw name="Input Search Text and Click Search" library="HeaderPage">
<arg>mobile</arg>
<kw name="Input Text" library="SeleniumLibrary">
<arg>${HomePageSearchTextBox}</arg>
<arg>${search_text2}</arg>
<doc>Types the given ``text`` into the text field identified by ``locator``.</doc>
<msg timestamp="20230526 23:44:41.614" level="INFO">Typing text 'mobile' into text field 'css:input#gh-ac'.</msg>
<status status="PASS" starttime="20230526 23:44:41.613" endtime="20230526 23:45:43.759"/>
</kw>
<kw name="Press Keys" library="SeleniumLibrary">
<arg>${HomePageSearchButton}</arg>
<arg>RETURN</arg>
<doc>Simulates the user pressing key(s) to an element or on the active browser.</doc>
<msg timestamp="20230526 23:45:43.764" level="INFO">Sending key(s) ('RETURN',) to css:input#gh-btn element.</msg>
<msg timestamp="20230526 23:46:47.701" level="INFO">Pressing special key RETURN to element.</msg>
<msg timestamp="20230526 23:46:47.702" level="INFO">Releasing special key RETURN.</msg>
<status status="PASS" starttime="20230526 23:45:43.761" endtime="20230526 23:46:47.856"/>
</kw>
<status status="PASS" starttime="20230526 23:44:41.613" endtime="20230526 23:46:47.857"/>
</kw>
<kw name="Verify Search Result" library="SearchResultPage">
<arg>mobile</arg>
<kw name="Page Should Contain" library="SeleniumLibrary">
<arg>${search_result} ${search_text2}</arg>
<doc>Verifies that current page contains ``text``.</doc>
<msg timestamp="20230526 23:46:52.568" level="INFO">Current page contains text 'results for mobile'.</msg>
<status status="PASS" starttime="20230526 23:46:47.860" endtime="20230526 23:46:52.568"/>
</kw>
<status status="PASS" starttime="20230526 23:46:47.858" endtime="20230526 23:46:52.569"/>
</kw>
<kw name="End Test Case" type="TEARDOWN">
<kw name="Close All Browsers" library="SeleniumLibrary">
<doc>Closes all open browsers and resets the browser cache.</doc>
<status status="PASS" starttime="20230526 23:46:52.569" endtime="20230526 23:46:52.817"/>
</kw>
<status status="PASS" starttime="20230526 23:46:52.569" endtime="20230526 23:46:52.817"/>
</kw>
<doc>This test case verifies the basic search</doc>
<tag>Functional</tag>
<status status="PASS" starttime="20230526 23:44:19.963" endtime="20230526 23:46:52.817"/>
</test>
<test id="s1-t2" name="Verify advanced search functionality" line="32">
<kw name="Start Test Case" type="SETUP">
<kw name="Open Browser" library="SeleniumLibrary">
<arg>${ebay_homepage}</arg>
<arg>Chrome</arg>
<doc>Opens a new browser instance to the optional ``url``.</doc>
<msg timestamp="20230526 23:46:52.822" level="INFO">Opening browser 'Chrome' to base url 'https://www.ebay.com'.</msg>
<status status="PASS" starttime="20230526 23:46:52.820" endtime="20230526 23:47:09.755"/>
</kw>
<kw name="Maximize Browser Window" library="SeleniumLibrary">
<doc>Maximizes current browser window.</doc>
<status status="PASS" starttime="20230526 23:47:09.756" endtime="20230526 23:47:10.489"/>
</kw>
<status status="PASS" starttime="20230526 23:46:52.819" endtime="20230526 23:47:10.489"/>
</kw>
<kw name="Click On Advanced Search Link" library="HeaderPage">
<kw name="Click Element" library="SeleniumLibrary">
<arg>${HomePageAdvancedSearchLink}</arg>
<doc>Click the element identified by ``locator``.</doc>
<msg timestamp="20230526 23:47:10.491" level="INFO">Clicking element 'css:#gh-as-a'.</msg>
<status status="PASS" starttime="20230526 23:47:10.490" endtime="20230526 23:47:24.570"/>
</kw>
<status status="PASS" starttime="20230526 23:47:10.490" endtime="20230526 23:47:24.570"/>
</kw>
<kw name="End Test Case" type="TEARDOWN">
<kw name="Close All Browsers" library="SeleniumLibrary">
<doc>Closes all open browsers and resets the browser cache.</doc>
<status status="PASS" starttime="20230526 23:47:24.570" endtime="20230526 23:47:24.731"/>
</kw>
<status status="PASS" starttime="20230526 23:47:24.570" endtime="20230526 23:47:24.731"/>
</kw>
<doc>This test case verifies the advanced search</doc>
<tag>Functional</tag>
<status status="PASS" starttime="20230526 23:46:52.818" endtime="20230526 23:47:24.731"/>
</test>
<test id="s1-t3" name="Verify Link Text Clicking" line="38">
<kw name="Start Test Case" type="SETUP">
<kw name="Open Browser" library="SeleniumLibrary">
<arg>${ebay_homepage}</arg>
<arg>Chrome</arg>
<doc>Opens a new browser instance to the optional ``url``.</doc>
<msg timestamp="20230526 23:47:24.733" level="INFO">Opening browser 'Chrome' to base url 'https://www.ebay.com'.</msg>
<status status="PASS" starttime="20230526 23:47:24.733" endtime="20230526 23:47:39.369"/>
</kw>
<kw name="Maximize Browser Window" library="SeleniumLibrary">
<doc>Maximizes current browser window.</doc>
<status status="PASS" starttime="20230526 23:47:39.369" endtime="20230526 23:47:40.077"/>
</kw>
<status status="PASS" starttime="20230526 23:47:24.732" endtime="20230526 23:47:40.078"/>
</kw>
<kw name="Click On Link Text" library="HeaderPage">
<arg>Sell</arg>
<kw name="Click Link" library="SeleniumLibrary">
<arg>link:${link_text}</arg>
<doc>Clicks a link identified by ``locator``.</doc>
<msg timestamp="20230526 23:47:40.079" level="INFO">Clicking link 'link:Sell'.</msg>
<status status="PASS" starttime="20230526 23:47:40.078" endtime="20230526 23:48:03.304"/>
</kw>
<kw name="Sleep" library="BuiltIn">
<arg>4s</arg>
<doc>Pauses the test executed for the given time.</doc>
<msg timestamp="20230526 23:48:07.306" level="INFO">Slept 4 seconds</msg>
<status status="PASS" starttime="20230526 23:48:03.305" endtime="20230526 23:48:07.306"/>
</kw>
<status status="PASS" starttime="20230526 23:47:40.078" endtime="20230526 23:48:07.306"/>
</kw>
<kw name="End Test Case" type="TEARDOWN">
<kw name="Close All Browsers" library="SeleniumLibrary">
<doc>Closes all open browsers and resets the browser cache.</doc>
<status status="PASS" starttime="20230526 23:48:07.307" endtime="20230526 23:48:07.429"/>
</kw>
<status status="PASS" starttime="20230526 23:48:07.306" endtime="20230526 23:48:07.429"/>
</kw>
<doc>This test case verifies Link Text Clicking</doc>
<tag>Functional</tag>
<status status="PASS" starttime="20230526 23:47:24.732" endtime="20230526 23:48:07.430"/>
</test>
<doc>XXXXXXX</doc>
<status status="PASS" starttime="20230526 23:44:19.846" endtime="20230526 23:48:07.430"/>
</suite>
<statistics>
<total>
<stat pass="3" fail="0" skip="0">All Tests</stat>
</total>
<tag>
<stat pass="3" fail="0" skip="0">Functional</stat>
</tag>
<suite>
<stat pass="3" fail="0" skip="0" id="s1" name="Ebay">Ebay</stat>
</suite>
</statistics>
<errors>
</errors>
</robot>
