<?xml version="1.0" encoding="UTF-8"?>
<testsuites name="Mocha Tests" time="5.007" tests="1" failures="0">
  <testsuite name="Root Suite" timestamp="2023-05-20T13:06:04" tests="0" file="cypress/e2e/webdriver-uni/datepickers.js" time="0.000" failures="0">
  </testsuite>
  <testsuite name="Test Datapicker via webdriveruni" timestamp="2023-05-20T13:06:04" tests="1" time="4.997" failures="0">
    <testcase name="Test Datapicker via webdriveruni Select date from the datapicker" time="4.972" classname="Select date from the datapicker">
    </testcase>
  </testsuite>
</testsuites>