<?xml version="1.0" encoding="UTF-8"?>
<testsuites name="Mocha Tests" time="8.761" tests="2" failures="0">
  <testsuite name="Root Suite" timestamp="2023-05-20T13:05:51" tests="0" file="cypress/e2e/webdriver-uni/data-tables.js" time="0.000" failures="0">
  </testsuite>
  <testsuite name="Handling data via webdriveruni" timestamp="2023-05-20T13:05:51" tests="2" time="8.747" failures="0">
    <testcase name="Handling data via webdriveruni Calculate and assert the total age of all users" time="6.864" classname="Calculate and assert the total age of all users">
    </testcase>
    <testcase name="Handling data via webdriveruni Calculate and assert the age of a given user based on last name" time="1.851" classname="Calculate and assert the age of a given user based on last name">
    </testcase>
  </testsuite>
</testsuites>